{
  "RSpec": {
    "coverage": {
      "/Users/samschlinkert/Documents/code/flatiron/projects/squawk/app/controllers/tweets_controller.rb": [
        1,
        null,
        null,
        null,
        null,
        null,
        null,
        null,
        null,
        null,
        null,
        null,
        null,
        null,
        null,
        null,
        null,
        null,
        null,
        null
      ],
      "/Users/samschlinkert/Documents/code/flatiron/projects/squawk/app/controllers/application_controller.rb": [
        1,
        null,
        null,
        1,
        null
      ]
    },
    "timestamp": 1397852913
  }
}
